Start testing: Jul 26 18:11 KST
----------------------------------------------------------
1/1 Testing: AddFunctionTest.BasicAddition
1/1 Test: AddFunctionTest.BasicAddition
Command: "/home/rajat/vector/HelloWorld/build/unit_tests" "--gtest_filter=AddFunctionTest.BasicAddition"
Directory: /home/rajat/vector/HelloWorld/build
"AddFunctionTest.BasicAddition" start time: Jul 26 18:11 KST
Output:
----------------------------------------------------------
Note: Google Test filter = AddFunctionTest.BasicAddition
[==========] Running 1 test from 1 test suite.
[----------] Global test environment set-up.
[----------] 1 test from AddFunctionTest
[ RUN      ] AddFunctionTest.BasicAddition
[       OK ] AddFunctionTest.BasicAddition (0 ms)
[----------] 1 test from AddFunctionTest (0 ms total)

[----------] Global test environment tear-down
[==========] 1 test from 1 test suite ran. (0 ms total)
[  PASSED  ] 1 test.
<end of output>
Test time =   0.00 sec
----------------------------------------------------------
Test Passed.
"AddFunctionTest.BasicAddition" end time: Jul 26 18:11 KST
"AddFunctionTest.BasicAddition" time elapsed: 00:00:00
----------------------------------------------------------

End testing: Jul 26 18:11 KST
